C:\USERS\ADMINISTRATOR\DOCUMENTS\VISUAL STUDIO 2010\PROJECTS\BACKUP\EXT4_READ_PROJECT\DEBUG\EXT4_READ_PROJECT.EXE
C:\USERS\ADMINISTRATOR\DOCUMENTS\VISUAL STUDIO 2010\PROJECTS\BACKUP\EXT4_READ_PROJECT\DEBUG\EXT4_READ_PROJECT.ILK
C:\USERS\ADMINISTRATOR\DOCUMENTS\VISUAL STUDIO 2010\PROJECTS\BACKUP\EXT4_READ_PROJECT\DEBUG\EXT4_READ_PROJECT.PDB
C:\USERS\ADMINISTRATOR\DOCUMENTS\VISUAL STUDIO 2010\PROJECTS\BACKUP\EXT4_READ_PROJECT\EXT4_READ_PROJECT\DEBUG\.NETFRAMEWORK,VERSION=V4.0.ASSEMBLYATTRIBUTES.OBJ
C:\USERS\ADMINISTRATOR\DOCUMENTS\VISUAL STUDIO 2010\PROJECTS\BACKUP\EXT4_READ_PROJECT\EXT4_READ_PROJECT\DEBUG\APP.RES
C:\USERS\ADMINISTRATOR\DOCUMENTS\VISUAL STUDIO 2010\PROJECTS\BACKUP\EXT4_READ_PROJECT\EXT4_READ_PROJECT\DEBUG\ASSEMBLYINFO.OBJ
C:\Users\Administrator\Documents\Visual Studio 2010\Projects\backup\ext4_read_project\ext4_read_project\Debug\cl.command.1.tlog
C:\Users\Administrator\Documents\Visual Studio 2010\Projects\backup\ext4_read_project\ext4_read_project\Debug\CL.read.1.tlog
C:\Users\Administrator\Documents\Visual Studio 2010\Projects\backup\ext4_read_project\ext4_read_project\Debug\CL.write.1.tlog
C:\USERS\ADMINISTRATOR\DOCUMENTS\VISUAL STUDIO 2010\PROJECTS\BACKUP\EXT4_READ_PROJECT\EXT4_READ_PROJECT\DEBUG\EXT4_READ.OBJ
C:\USERS\ADMINISTRATOR\DOCUMENTS\VISUAL STUDIO 2010\PROJECTS\BACKUP\EXT4_READ_PROJECT\EXT4_READ_PROJECT\DEBUG\EXT4_READ_PROJECT.EXE.INTERMEDIATE.MANIFEST
C:\USERS\ADMINISTRATOR\DOCUMENTS\VISUAL STUDIO 2010\PROJECTS\BACKUP\EXT4_READ_PROJECT\EXT4_READ_PROJECT\DEBUG\EXT4_READ_PROJECT.OBJ
C:\USERS\ADMINISTRATOR\DOCUMENTS\VISUAL STUDIO 2010\PROJECTS\BACKUP\EXT4_READ_PROJECT\EXT4_READ_PROJECT\DEBUG\EXT4_READ_PROJECT.PCH
C:\Users\Administrator\Documents\Visual Studio 2010\Projects\backup\ext4_read_project\ext4_read_project\Debug\ext4_read_project.write.1.tlog
C:\USERS\ADMINISTRATOR\DOCUMENTS\VISUAL STUDIO 2010\PROJECTS\BACKUP\EXT4_READ_PROJECT\EXT4_READ_PROJECT\DEBUG\EXT4FS.OBJ
C:\Users\Administrator\Documents\Visual Studio 2010\Projects\backup\ext4_read_project\ext4_read_project\Debug\link.2344.read.1.tlog
C:\Users\Administrator\Documents\Visual Studio 2010\Projects\backup\ext4_read_project\ext4_read_project\Debug\link.2344.write.1.tlog
C:\Users\Administrator\Documents\Visual Studio 2010\Projects\backup\ext4_read_project\ext4_read_project\Debug\link.2344-cvtres.read.1.tlog
C:\Users\Administrator\Documents\Visual Studio 2010\Projects\backup\ext4_read_project\ext4_read_project\Debug\link.2344-cvtres.write.1.tlog
C:\Users\Administrator\Documents\Visual Studio 2010\Projects\backup\ext4_read_project\ext4_read_project\Debug\link.6880.read.1.tlog
C:\Users\Administrator\Documents\Visual Studio 2010\Projects\backup\ext4_read_project\ext4_read_project\Debug\link.6880.write.1.tlog
C:\Users\Administrator\Documents\Visual Studio 2010\Projects\backup\ext4_read_project\ext4_read_project\Debug\link.6880-cvtres.read.1.tlog
C:\Users\Administrator\Documents\Visual Studio 2010\Projects\backup\ext4_read_project\ext4_read_project\Debug\link.6880-cvtres.write.1.tlog
C:\Users\Administrator\Documents\Visual Studio 2010\Projects\backup\ext4_read_project\ext4_read_project\Debug\link.command.1.tlog
C:\Users\Administrator\Documents\Visual Studio 2010\Projects\backup\ext4_read_project\ext4_read_project\Debug\link.read.1.tlog
C:\Users\Administrator\Documents\Visual Studio 2010\Projects\backup\ext4_read_project\ext4_read_project\Debug\link.write.1.tlog
C:\Users\Administrator\Documents\Visual Studio 2010\Projects\backup\ext4_read_project\ext4_read_project\Debug\mt.command.1.tlog
C:\Users\Administrator\Documents\Visual Studio 2010\Projects\backup\ext4_read_project\ext4_read_project\Debug\mt.read.1.tlog
C:\Users\Administrator\Documents\Visual Studio 2010\Projects\backup\ext4_read_project\ext4_read_project\Debug\mt.write.1.tlog
C:\USERS\ADMINISTRATOR\DOCUMENTS\VISUAL STUDIO 2010\PROJECTS\BACKUP\EXT4_READ_PROJECT\EXT4_READ_PROJECT\DEBUG\PLATFORM.OBJ
C:\Users\Administrator\Documents\Visual Studio 2010\Projects\backup\ext4_read_project\ext4_read_project\Debug\rc.command.1.tlog
C:\Users\Administrator\Documents\Visual Studio 2010\Projects\backup\ext4_read_project\ext4_read_project\Debug\rc.read.1.tlog
C:\Users\Administrator\Documents\Visual Studio 2010\Projects\backup\ext4_read_project\ext4_read_project\Debug\rc.write.1.tlog
C:\USERS\ADMINISTRATOR\DOCUMENTS\VISUAL STUDIO 2010\PROJECTS\BACKUP\EXT4_READ_PROJECT\EXT4_READ_PROJECT\DEBUG\STDAFX.OBJ
C:\USERS\ADMINISTRATOR\DOCUMENTS\VISUAL STUDIO 2010\PROJECTS\BACKUP\EXT4_READ_PROJECT\EXT4_READ_PROJECT\DEBUG\VC100.PDB
